{"C:\\Users\\KIIT0001\\Desktop\\woocommerce\\backend\\services\\product-service\\src\\app.js": {"path":"C:\\Users\\KIIT0001\\Desktop\\woocommerce\\backend\\services\\product-service\\src\\app.js","statementMap":{"0":{"start":{"line":1,"column":16},"end":{"line":1,"column":34}},"1":{"start":{"line":2,"column":13},"end":{"line":2,"column":28}},"2":{"start":{"line":3,"column":15},"end":{"line":3,"column":32}},"3":{"start":{"line":4,"column":18},"end":{"line":4,"column":47}},"4":{"start":{"line":5,"column":0},"end":{"line":5,"column":27}},"5":{"start":{"line":7,"column":18},"end":{"line":7,"column":46}},"6":{"start":{"line":8,"column":16},"end":{"line":8,"column":43}},"7":{"start":{"line":9,"column":22},"end":{"line":9,"column":55}},"8":{"start":{"line":10,"column":20},"end":{"line":10,"column":48}},"9":{"start":{"line":12,"column":12},"end":{"line":12,"column":21}},"10":{"start":{"line":13,"column":13},"end":{"line":13,"column":37}},"11":{"start":{"line":15,"column":0},"end":{"line":15,"column":18}},"12":{"start":{"line":16,"column":0},"end":{"line":16,"column":16}},"13":{"start":{"line":17,"column":0},"end":{"line":17,"column":24}},"14":{"start":{"line":18,"column":0},"end":{"line":18,"column":48}},"15":{"start":{"line":20,"column":0},"end":{"line":20,"column":68}},"16":{"start":{"line":22,"column":0},"end":{"line":24,"column":3}},"17":{"start":{"line":23,"column":2},"end":{"line":23,"column":57}},"18":{"start":{"line":26,"column":0},"end":{"line":26,"column":40}},"19":{"start":{"line":28,"column":21},"end":{"line":35,"column":1}},"20":{"start":{"line":29,"column":2},"end":{"line":34,"column":3}},"21":{"start":{"line":30,"column":4},"end":{"line":30,"column":42}},"22":{"start":{"line":31,"column":4},"end":{"line":31,"column":43}},"23":{"start":{"line":33,"column":4},"end":{"line":33,"column":51}},"24":{"start":{"line":37,"column":20},"end":{"line":44,"column":1}},"25":{"start":{"line":38,"column":2},"end":{"line":38,"column":23}},"26":{"start":{"line":40,"column":2},"end":{"line":43,"column":5}},"27":{"start":{"line":41,"column":4},"end":{"line":41,"column":62}},"28":{"start":{"line":42,"column":4},"end":{"line":42,"column":66}},"29":{"start":{"line":46,"column":0},"end":{"line":46,"column":14}},"30":{"start":{"line":48,"column":0},"end":{"line":48,"column":21}}},"fnMap":{"0":{"name":"(anonymous_0)","decl":{"start":{"line":22,"column":19},"end":{"line":22,"column":20}},"loc":{"start":{"line":22,"column":33},"end":{"line":24,"column":1}},"line":22},"1":{"name":"(anonymous_1)","decl":{"start":{"line":28,"column":21},"end":{"line":28,"column":22}},"loc":{"start":{"line":28,"column":33},"end":{"line":35,"column":1}},"line":28},"2":{"name":"(anonymous_2)","decl":{"start":{"line":37,"column":20},"end":{"line":37,"column":21}},"loc":{"start":{"line":37,"column":32},"end":{"line":44,"column":1}},"line":37},"3":{"name":"(anonymous_3)","decl":{"start":{"line":40,"column":19},"end":{"line":40,"column":20}},"loc":{"start":{"line":40,"column":25},"end":{"line":43,"column":3}},"line":40}},"branchMap":{"0":{"loc":{"start":{"line":13,"column":13},"end":{"line":13,"column":37}},"type":"binary-expr","locations":[{"start":{"line":13,"column":13},"end":{"line":13,"column":29}},{"start":{"line":13,"column":33},"end":{"line":13,"column":37}}],"line":13}},"s":{"0":1,"1":1,"2":1,"3":1,"4":1,"5":1,"6":1,"7":1,"8":1,"9":1,"10":1,"11":1,"12":1,"13":1,"14":1,"15":1,"16":1,"17":1,"18":1,"19":1,"20":1,"21":1,"22":0,"23":0,"24":1,"25":1,"26":0,"27":0,"28":0,"29":1,"30":1},"f":{"0":1,"1":1,"2":1,"3":0},"b":{"0":[1,0]},"_coverageSchema":"1a1c01bbd47fc00a2c39e90264f33305004495a9","hash":"6193c0042e28267c953d6c03c8c30ed9a3778847"}
,"C:\\Users\\KIIT0001\\Desktop\\woocommerce\\backend\\services\\product-service\\src\\config\\database.js": {"path":"C:\\Users\\KIIT0001\\Desktop\\woocommerce\\backend\\services\\product-service\\src\\config\\database.js","statementMap":{"0":{"start":{"line":1,"column":22},"end":{"line":1,"column":42}},"1":{"start":{"line":2,"column":0},"end":{"line":2,"column":27}},"2":{"start":{"line":5,"column":18},"end":{"line":9,"column":2}},"3":{"start":{"line":11,"column":0},"end":{"line":13,"column":72}},"4":{"start":{"line":12,"column":14},"end":{"line":12,"column":62}},"5":{"start":{"line":13,"column":16},"end":{"line":13,"column":70}},"6":{"start":{"line":15,"column":0},"end":{"line":15,"column":27}}},"fnMap":{"0":{"name":"(anonymous_0)","decl":{"start":{"line":12,"column":8},"end":{"line":12,"column":9}},"loc":{"start":{"line":12,"column":14},"end":{"line":12,"column":62}},"line":12},"1":{"name":"(anonymous_1)","decl":{"start":{"line":13,"column":9},"end":{"line":13,"column":10}},"loc":{"start":{"line":13,"column":16},"end":{"line":13,"column":70}},"line":13}},"branchMap":{},"s":{"0":1,"1":1,"2":1,"3":1,"4":1,"5":0,"6":1},"f":{"0":1,"1":0},"b":{},"_coverageSchema":"1a1c01bbd47fc00a2c39e90264f33305004495a9","hash":"60d1744a3eb2a6ae55b661ad16ac0cebb6d88221"}
,"C:\\Users\\KIIT0001\\Desktop\\woocommerce\\backend\\services\\product-service\\src\\controllers\\productController.js": {"path":"C:\\Users\\KIIT0001\\Desktop\\woocommerce\\backend\\services\\product-service\\src\\controllers\\productController.js","statementMap":{"0":{"start":{"line":1,"column":16},"end":{"line":1,"column":44}},"1":{"start":{"line":2,"column":27},"end":{"line":2,"column":68}},"2":{"start":{"line":6,"column":4},"end":{"line":22,"column":5}},"3":{"start":{"line":7,"column":23},"end":{"line":9,"column":8}},"4":{"start":{"line":11,"column":6},"end":{"line":15,"column":9}},"5":{"start":{"line":17,"column":6},"end":{"line":17,"column":55}},"6":{"start":{"line":18,"column":6},"end":{"line":21,"column":9}},"7":{"start":{"line":26,"column":4},"end":{"line":47,"column":5}},"8":{"start":{"line":27,"column":21},"end":{"line":27,"column":31}},"9":{"start":{"line":28,"column":22},"end":{"line":28,"column":48}},"10":{"start":{"line":30,"column":6},"end":{"line":35,"column":7}},"11":{"start":{"line":31,"column":8},"end":{"line":34,"column":11}},"12":{"start":{"line":37,"column":6},"end":{"line":40,"column":9}},"13":{"start":{"line":42,"column":6},"end":{"line":42,"column":54}},"14":{"start":{"line":43,"column":6},"end":{"line":46,"column":9}},"15":{"start":{"line":51,"column":4},"end":{"line":64,"column":5}},"16":{"start":{"line":52,"column":21},"end":{"line":52,"column":60}},"17":{"start":{"line":53,"column":6},"end":{"line":57,"column":9}},"18":{"start":{"line":59,"column":6},"end":{"line":59,"column":54}},"19":{"start":{"line":60,"column":6},"end":{"line":63,"column":9}},"20":{"start":{"line":68,"column":0},"end":{"line":68,"column":41}}},"fnMap":{"0":{"name":"(anonymous_0)","decl":{"start":{"line":5,"column":2},"end":{"line":5,"column":3}},"loc":{"start":{"line":5,"column":33},"end":{"line":23,"column":3}},"line":5},"1":{"name":"(anonymous_1)","decl":{"start":{"line":25,"column":2},"end":{"line":25,"column":3}},"loc":{"start":{"line":25,"column":33},"end":{"line":48,"column":3}},"line":25},"2":{"name":"(anonymous_2)","decl":{"start":{"line":50,"column":2},"end":{"line":50,"column":3}},"loc":{"start":{"line":50,"column":31},"end":{"line":65,"column":3}},"line":50}},"branchMap":{"0":{"loc":{"start":{"line":30,"column":6},"end":{"line":35,"column":7}},"type":"if","locations":[{"start":{"line":30,"column":6},"end":{"line":35,"column":7}},{"start":{},"end":{}}],"line":30}},"s":{"0":1,"1":1,"2":1,"3":1,"4":1,"5":0,"6":0,"7":0,"8":0,"9":0,"10":0,"11":0,"12":0,"13":0,"14":0,"15":0,"16":0,"17":0,"18":0,"19":0,"20":1},"f":{"0":1,"1":0,"2":0},"b":{"0":[0,0]},"_coverageSchema":"1a1c01bbd47fc00a2c39e90264f33305004495a9","hash":"f0e8dbff2a11abf950124800af359e1417684531"}
,"C:\\Users\\KIIT0001\\Desktop\\woocommerce\\backend\\services\\product-service\\src\\models\\Product.js": {"path":"C:\\Users\\KIIT0001\\Desktop\\woocommerce\\backend\\services\\product-service\\src\\models\\Product.js","statementMap":{"0":{"start":{"line":1,"column":22},"end":{"line":1,"column":42}},"1":{"start":{"line":2,"column":18},"end":{"line":2,"column":47}},"2":{"start":{"line":4,"column":16},"end":{"line":55,"column":2}},"3":{"start":{"line":36,"column":23},"end":{"line":36,"column":48}},"4":{"start":{"line":37,"column":6},"end":{"line":37,"column":50}},"5":{"start":{"line":40,"column":6},"end":{"line":40,"column":61}},"6":{"start":{"line":57,"column":0},"end":{"line":57,"column":25}}},"fnMap":{"0":{"name":"(anonymous_0)","decl":{"start":{"line":35,"column":4},"end":{"line":35,"column":5}},"loc":{"start":{"line":35,"column":10},"end":{"line":38,"column":5}},"line":35},"1":{"name":"(anonymous_1)","decl":{"start":{"line":39,"column":4},"end":{"line":39,"column":5}},"loc":{"start":{"line":39,"column":15},"end":{"line":41,"column":5}},"line":39}},"branchMap":{"0":{"loc":{"start":{"line":37,"column":13},"end":{"line":37,"column":49}},"type":"cond-expr","locations":[{"start":{"line":37,"column":24},"end":{"line":37,"column":44}},{"start":{"line":37,"column":47},"end":{"line":37,"column":49}}],"line":37},"1":{"loc":{"start":{"line":40,"column":47},"end":{"line":40,"column":58}},"type":"binary-expr","locations":[{"start":{"line":40,"column":47},"end":{"line":40,"column":52}},{"start":{"line":40,"column":56},"end":{"line":40,"column":58}}],"line":40}},"s":{"0":1,"1":1,"2":1,"3":132,"4":132,"5":0,"6":1},"f":{"0":132,"1":0},"b":{"0":[132,0],"1":[0,0]},"_coverageSchema":"1a1c01bbd47fc00a2c39e90264f33305004495a9","hash":"b808b7aa210a51e46e1073a13b3830563959733e"}
,"C:\\Users\\KIIT0001\\Desktop\\woocommerce\\backend\\services\\product-service\\src\\routes\\productRoutes.js": {"path":"C:\\Users\\KIIT0001\\Desktop\\woocommerce\\backend\\services\\product-service\\src\\routes\\productRoutes.js","statementMap":{"0":{"start":{"line":1,"column":16},"end":{"line":1,"column":34}},"1":{"start":{"line":2,"column":15},"end":{"line":2,"column":31}},"2":{"start":{"line":3,"column":26},"end":{"line":3,"column":69}},"3":{"start":{"line":15,"column":0},"end":{"line":15,"column":50}},"4":{"start":{"line":35,"column":0},"end":{"line":35,"column":53}},"5":{"start":{"line":47,"column":0},"end":{"line":47,"column":53}},"6":{"start":{"line":49,"column":0},"end":{"line":49,"column":24}}},"fnMap":{},"branchMap":{},"s":{"0":1,"1":1,"2":1,"3":1,"4":1,"5":1,"6":1},"f":{},"b":{},"_coverageSchema":"1a1c01bbd47fc00a2c39e90264f33305004495a9","hash":"73d5fc0ea4a9be872e0c5c2a2061384f5d3755b9"}
,"C:\\Users\\KIIT0001\\Desktop\\woocommerce\\backend\\services\\product-service\\src\\services\\woocommerceService.js": {"path":"C:\\Users\\KIIT0001\\Desktop\\woocommerce\\backend\\services\\product-service\\src\\services\\woocommerceService.js","statementMap":{"0":{"start":{"line":1,"column":14},"end":{"line":1,"column":30}},"1":{"start":{"line":2,"column":16},"end":{"line":2,"column":44}},"2":{"start":{"line":3,"column":0},"end":{"line":3,"column":27}},"3":{"start":{"line":6,"column":20},"end":{"line":6,"column":72}},"4":{"start":{"line":7,"column":24},"end":{"line":7,"column":69}},"5":{"start":{"line":8,"column":27},"end":{"line":8,"column":72}},"6":{"start":{"line":12,"column":4},"end":{"line":25,"column":5}},"7":{"start":{"line":13,"column":23},"end":{"line":20,"column":8}},"8":{"start":{"line":21,"column":6},"end":{"line":21,"column":27}},"9":{"start":{"line":23,"column":6},"end":{"line":23,"column":71}},"10":{"start":{"line":24,"column":6},"end":{"line":24,"column":67}},"11":{"start":{"line":29,"column":4},"end":{"line":73,"column":5}},"12":{"start":{"line":30,"column":6},"end":{"line":30,"column":49}},"13":{"start":{"line":31,"column":17},"end":{"line":31,"column":18}},"14":{"start":{"line":32,"column":20},"end":{"line":32,"column":24}},"15":{"start":{"line":33,"column":24},"end":{"line":33,"column":25}},"16":{"start":{"line":35,"column":6},"end":{"line":66,"column":7}},"17":{"start":{"line":36,"column":25},"end":{"line":36,"column":55}},"18":{"start":{"line":38,"column":8},"end":{"line":41,"column":9}},"19":{"start":{"line":39,"column":10},"end":{"line":39,"column":26}},"20":{"start":{"line":40,"column":10},"end":{"line":40,"column":16}},"21":{"start":{"line":43,"column":8},"end":{"line":60,"column":9}},"22":{"start":{"line":44,"column":30},"end":{"line":56,"column":11}},"23":{"start":{"line":53,"column":61},"end":{"line":53,"column":69}},"24":{"start":{"line":58,"column":10},"end":{"line":58,"column":44}},"25":{"start":{"line":59,"column":10},"end":{"line":59,"column":24}},"26":{"start":{"line":62,"column":8},"end":{"line":62,"column":77}},"27":{"start":{"line":63,"column":8},"end":{"line":63,"column":15}},"28":{"start":{"line":65,"column":8},"end":{"line":65,"column":39}},"29":{"start":{"line":65,"column":23},"end":{"line":65,"column":39}},"30":{"start":{"line":68,"column":6},"end":{"line":68,"column":78}},"31":{"start":{"line":69,"column":6},"end":{"line":69,"column":44}},"32":{"start":{"line":71,"column":6},"end":{"line":71,"column":50}},"33":{"start":{"line":72,"column":6},"end":{"line":72,"column":18}},"34":{"start":{"line":77,"column":0},"end":{"line":77,"column":42}}},"fnMap":{"0":{"name":"(anonymous_0)","decl":{"start":{"line":11,"column":2},"end":{"line":11,"column":3}},"loc":{"start":{"line":11,"column":47},"end":{"line":26,"column":3}},"line":11},"1":{"name":"(anonymous_1)","decl":{"start":{"line":28,"column":2},"end":{"line":28,"column":3}},"loc":{"start":{"line":28,"column":23},"end":{"line":74,"column":3}},"line":28},"2":{"name":"(anonymous_2)","decl":{"start":{"line":53,"column":54},"end":{"line":53,"column":55}},"loc":{"start":{"line":53,"column":61},"end":{"line":53,"column":69}},"line":53}},"branchMap":{"0":{"loc":{"start":{"line":11,"column":22},"end":{"line":11,"column":30}},"type":"default-arg","locations":[{"start":{"line":11,"column":29},"end":{"line":11,"column":30}}],"line":11},"1":{"loc":{"start":{"line":11,"column":32},"end":{"line":11,"column":45}},"type":"default-arg","locations":[{"start":{"line":11,"column":42},"end":{"line":11,"column":45}}],"line":11},"2":{"loc":{"start":{"line":38,"column":8},"end":{"line":41,"column":9}},"type":"if","locations":[{"start":{"line":38,"column":8},"end":{"line":41,"column":9}},{"start":{},"end":{}}],"line":38},"3":{"loc":{"start":{"line":47,"column":19},"end":{"line":47,"column":51}},"type":"binary-expr","locations":[{"start":{"line":47,"column":19},"end":{"line":47,"column":46}},{"start":{"line":47,"column":50},"end":{"line":47,"column":51}}],"line":47},"4":{"loc":{"start":{"line":50,"column":22},"end":{"line":52,"column":20}},"type":"cond-expr","locations":[{"start":{"line":51,"column":16},"end":{"line":51,"column":44}},{"start":{"line":52,"column":16},"end":{"line":52,"column":20}}],"line":50},"5":{"loc":{"start":{"line":50,"column":22},"end":{"line":50,"column":77}},"type":"binary-expr","locations":[{"start":{"line":50,"column":22},"end":{"line":50,"column":42}},{"start":{"line":50,"column":46},"end":{"line":50,"column":77}}],"line":50},"6":{"loc":{"start":{"line":53,"column":18},"end":{"line":53,"column":75}},"type":"cond-expr","locations":[{"start":{"line":53,"column":35},"end":{"line":53,"column":70}},{"start":{"line":53,"column":73},"end":{"line":53,"column":75}}],"line":53},"7":{"loc":{"start":{"line":54,"column":21},"end":{"line":54,"column":47}},"type":"binary-expr","locations":[{"start":{"line":54,"column":21},"end":{"line":54,"column":38}},{"start":{"line":54,"column":42},"end":{"line":54,"column":47}}],"line":54},"8":{"loc":{"start":{"line":55,"column":24},"end":{"line":55,"column":60}},"type":"binary-expr","locations":[{"start":{"line":55,"column":24},"end":{"line":55,"column":46}},{"start":{"line":55,"column":50},"end":{"line":55,"column":60}}],"line":55},"9":{"loc":{"start":{"line":65,"column":8},"end":{"line":65,"column":39}},"type":"if","locations":[{"start":{"line":65,"column":8},"end":{"line":65,"column":39}},{"start":{},"end":{}}],"line":65}},"s":{"0":1,"1":1,"2":1,"3":1,"4":1,"5":1,"6":0,"7":0,"8":0,"9":0,"10":0,"11":0,"12":0,"13":0,"14":0,"15":0,"16":0,"17":0,"18":0,"19":0,"20":0,"21":0,"22":0,"23":0,"24":0,"25":0,"26":0,"27":0,"28":0,"29":0,"30":0,"31":0,"32":0,"33":0,"34":1},"f":{"0":0,"1":0,"2":0},"b":{"0":[0],"1":[0],"2":[0,0],"3":[0,0],"4":[0,0],"5":[0,0],"6":[0,0],"7":[0,0],"8":[0,0],"9":[0,0]},"_coverageSchema":"1a1c01bbd47fc00a2c39e90264f33305004495a9","hash":"45a377d3dcfe1ae38a67093c4170e92a32d85ccd"}
,"C:\\Users\\KIIT0001\\Desktop\\woocommerce\\backend\\services\\product-service\\src\\swagger\\swagger.js": {"path":"C:\\Users\\KIIT0001\\Desktop\\woocommerce\\backend\\services\\product-service\\src\\swagger\\swagger.js","statementMap":{"0":{"start":{"line":1,"column":21},"end":{"line":1,"column":45}},"1":{"start":{"line":3,"column":23},"end":{"line":19,"column":1}},"2":{"start":{"line":21,"column":0},"end":{"line":21,"column":46}}},"fnMap":{},"branchMap":{},"s":{"0":1,"1":1,"2":1},"f":{},"b":{},"_coverageSchema":"1a1c01bbd47fc00a2c39e90264f33305004495a9","hash":"e32a2197b2fc2f572c2882cd16d5fb591e3bf835"}
}
